<?xml version="1.0" encoding="UTF-8"?>
<testsuite name="ChattyBotTest" tests="1" skipped="0" failures="0" errors="0" timestamp="2020-07-21T22:13:37" hostname="DESKTOP-A0DQJI8" time="0.085">
  <properties/>
  <testcase name="start" classname="ChattyBotTest" time="0.085"/>
  <system-out><![CDATA[?[1;31m
Start test 1?[0m
Hello! My name is Aid.
I was created in 2020.
]]></system-out>
  <system-err><![CDATA[]]></system-err>
</testsuite>
